# JRE version: OpenJDK Runtime Environment Temurin-21.0.6+7 (21.0.6+7) (build 21.0.6+7-LTS)
# Java VM: OpenJDK 64-Bit Server VM Temurin-21.0.6+7 (21.0.6+7-LTS, mixed mode, sharing, tiered, compressed oops, compressed class ptrs, parallel gc, windows-amd64)
GC Precious Log:
 CardTable entry size: 512
 CPUs: 4 total, 4 available
 Memory: 8072M
 Large Page Support: Disabled
 NUMA Support: Disabled
 Compressed Oops: Enabled (32-bit)
 Alignments: Space 512K, Generation 512K, Heap 2M
 Heap Min Capacity: 100M
 Heap Initial Capacity: 100M
 Heap Max Capacity: 1G
 Pre-touch: Disabled
 Parallel Workers: 4
Heap:
 PSYoungGen      total 23552K, used 14924K [0x00000000eab00000, 0x00000000ec500000, 0x0000000100000000)
  eden space 22016K, 62% used [0x00000000eab00000,0x00000000eb863018,0x00000000ec080000)
  from space 1536K, 79% used [0x00000000ec300000,0x00000000ec430000,0x00000000ec480000)
  to   space 512K, 0% used [0x00000000ec480000,0x00000000ec480000,0x00000000ec500000)
 ParOldGen       total 68608K, used 21777K [0x00000000c0000000, 0x00000000c4300000, 0x00000000eab00000)
  object space 68608K, 31% used [0x00000000c0000000,0x00000000c15446f0,0x00000000c4300000)
 Metaspace       used 47396K, committed 48512K, reserved 1114112K
  class space    used 5042K, committed 5504K, reserved 1048576K
GC Heap History (20 events):
Event: 19.177 GC heap before
{Heap before GC invocations=10 (full 1):
 PSYoungGen      total 24576K, used 24384K [0x00000000eab00000, 0x00000000ec980000, 0x0000000100000000)
  eden space 24064K, 100% used [0x00000000eab00000,0x00000000ec280000,0x00000000ec280000)
  from space 512K, 62% used [0x00000000ec900000,0x00000000ec950000,0x00000000ec980000)
  to   space 2048K, 0% used [0x00000000ec580000,0x00000000ec580000,0x00000000ec780000)
 ParOldGen       total 68608K, used 13045K [0x00000000c0000000, 0x00000000c4300000, 0x00000000eab00000)
  object space 68608K, 19% used [0x00000000c0000000,0x00000000c0cbd658,0x00000000c4300000)
 Metaspace       used 26868K, committed 27840K, reserved 1114112K
  class space    used 2648K, committed 3072K, reserved 1048576K
}
Event: 19.181 GC heap after
{Heap after GC invocations=10 (full 1):
 PSYoungGen      total 25600K, used 1745K [0x00000000eab00000, 0x00000000ec980000, 0x0000000100000000)
  eden space 23552K, 0% used [0x00000000eab00000,0x00000000eab00000,0x00000000ec200000)
  from space 2048K, 85% used [0x00000000ec580000,0x00000000ec7347b8,0x00000000ec780000)
  to   space 2048K, 0% used [0x00000000ec780000,0x00000000ec780000,0x00000000ec980000)
 ParOldGen       total 68608K, used 13053K [0x00000000c0000000, 0x00000000c4300000, 0x00000000eab00000)
  object space 68608K, 19% used [0x00000000c0000000,0x00000000c0cbf658,0x00000000c4300000)
 Metaspace       used 26868K, committed 27840K, reserved 1114112K
  class space    used 2648K, committed 3072K, reserved 1048576K
}
Event: 20.878 GC heap before
{Heap before GC invocations=11 (full 1):
 PSYoungGen      total 25600K, used 25297K [0x00000000eab00000, 0x00000000ec980000, 0x0000000100000000)
  eden space 23552K, 100% used [0x00000000eab00000,0x00000000ec200000,0x00000000ec200000)
  from space 2048K, 85% used [0x00000000ec580000,0x00000000ec7347b8,0x00000000ec780000)
  to   space 2048K, 0% used [0x00000000ec780000,0x00000000ec780000,0x00000000ec980000)
 ParOldGen       total 68608K, used 13053K [0x00000000c0000000, 0x00000000c4300000, 0x00000000eab00000)
  object space 68608K, 19% used [0x00000000c0000000,0x00000000c0cbf658,0x00000000c4300000)
 Metaspace       used 28853K, committed 29824K, reserved 1114112K
  class space    used 2852K, committed 3264K, reserved 1048576K
}
Event: 20.882 GC heap after
{Heap after GC invocations=11 (full 1):
 PSYoungGen      total 25088K, used 1617K [0x00000000eab00000, 0x00000000ec980000, 0x0000000100000000)
  eden space 23040K, 0% used [0x00000000eab00000,0x00000000eab00000,0x00000000ec180000)
  from space 2048K, 78% used [0x00000000ec780000,0x00000000ec914658,0x00000000ec980000)
  to   space 2048K, 0% used [0x00000000ec580000,0x00000000ec580000,0x00000000ec780000)
 ParOldGen       total 68608K, used 14103K [0x00000000c0000000, 0x00000000c4300000, 0x00000000eab00000)
  object space 68608K, 20% used [0x00000000c0000000,0x00000000c0dc5c20,0x00000000c4300000)
 Metaspace       used 28853K, committed 29824K, reserved 1114112K
  class space    used 2852K, committed 3264K, reserved 1048576K
}
Event: 22.963 GC heap before
{Heap before GC invocations=12 (full 1):
 PSYoungGen      total 25088K, used 24657K [0x00000000eab00000, 0x00000000ec980000, 0x0000000100000000)
  eden space 23040K, 100% used [0x00000000eab00000,0x00000000ec180000,0x00000000ec180000)
  from space 2048K, 78% used [0x00000000ec780000,0x00000000ec914658,0x00000000ec980000)
  to   space 2048K, 0% used [0x00000000ec580000,0x00000000ec580000,0x00000000ec780000)
 ParOldGen       total 68608K, used 14103K [0x00000000c0000000, 0x00000000c4300000, 0x00000000eab00000)
  object space 68608K, 20% used [0x00000000c0000000,0x00000000c0dc5c20,0x00000000c4300000)
 Metaspace       used 30202K, committed 31104K, reserved 1114112K
  class space    used 2985K, committed 3328K, reserved 1048576K
}
Event: 22.985 GC heap after
{Heap after GC invocations=12 (full 1):
 PSYoungGen      total 23552K, used 736K [0x00000000eab00000, 0x00000000ec800000, 0x0000000100000000)
  eden space 22528K, 0% used [0x00000000eab00000,0x00000000eab00000,0x00000000ec100000)
  from space 1024K, 71% used [0x00000000ec580000,0x00000000ec638000,0x00000000ec680000)
  to   space 1536K, 0% used [0x00000000ec680000,0x00000000ec680000,0x00000000ec800000)
 ParOldGen       total 68608K, used 15512K [0x00000000c0000000, 0x00000000c4300000, 0x00000000eab00000)
  object space 68608K, 22% used [0x00000000c0000000,0x00000000c0f261c8,0x00000000c4300000)
 Metaspace       used 30202K, committed 31104K, reserved 1114112K
  class space    used 2985K, committed 3328K, reserved 1048576K
}
Event: 29.764 GC heap before
{Heap before GC invocations=13 (full 1):
 PSYoungGen      total 23552K, used 23264K [0x00000000eab00000, 0x00000000ec800000, 0x0000000100000000)
  eden space 22528K, 100% used [0x00000000eab00000,0x00000000ec100000,0x00000000ec100000)
  from space 1024K, 71% used [0x00000000ec580000,0x00000000ec638000,0x00000000ec680000)
  to   space 1536K, 0% used [0x00000000ec680000,0x00000000ec680000,0x00000000ec800000)
 ParOldGen       total 68608K, used 15512K [0x00000000c0000000, 0x00000000c4300000, 0x00000000eab00000)
  object space 68608K, 22% used [0x00000000c0000000,0x00000000c0f261c8,0x00000000c4300000)
 Metaspace       used 33027K, committed 33984K, reserved 1114112K
  class space    used 3290K, committed 3712K, reserved 1048576K
}
Event: 29.771 GC heap after
{Heap after GC invocations=13 (full 1):
 PSYoungGen      total 23552K, used 1250K [0x00000000eab00000, 0x00000000ec800000, 0x0000000100000000)
  eden space 22016K, 0% used [0x00000000eab00000,0x00000000eab00000,0x00000000ec080000)
  from space 1536K, 81% used [0x00000000ec680000,0x00000000ec7b8b50,0x00000000ec800000)
  to   space 1536K, 0% used [0x00000000ec500000,0x00000000ec500000,0x00000000ec680000)
 ParOldGen       total 68608K, used 16064K [0x00000000c0000000, 0x00000000c4300000, 0x00000000eab00000)
  object space 68608K, 23% used [0x00000000c0000000,0x00000000c0fb0208,0x00000000c4300000)
 Metaspace       used 33027K, committed 33984K, reserved 1114112K
  class space    used 3290K, committed 3712K, reserved 1048576K
}
Event: 30.327 GC heap before
{Heap before GC invocations=14 (full 1):
 PSYoungGen      total 23552K, used 15598K [0x00000000eab00000, 0x00000000ec800000, 0x0000000100000000)
  eden space 22016K, 65% used [0x00000000eab00000,0x00000000eb902d00,0x00000000ec080000)
  from space 1536K, 81% used [0x00000000ec680000,0x00000000ec7b8b50,0x00000000ec800000)
  to   space 1536K, 0% used [0x00000000ec500000,0x00000000ec500000,0x00000000ec680000)
 ParOldGen       total 68608K, used 16064K [0x00000000c0000000, 0x00000000c4300000, 0x00000000eab00000)
  object space 68608K, 23% used [0x00000000c0000000,0x00000000c0fb0208,0x00000000c4300000)
 Metaspace       used 34809K, committed 35840K, reserved 1114112K
  class space    used 3521K, committed 3968K, reserved 1048576K
}
Event: 30.333 GC heap after
{Heap after GC invocations=14 (full 1):
 PSYoungGen      total 23040K, used 704K [0x00000000eab00000, 0x00000000ec700000, 0x0000000100000000)
  eden space 22016K, 0% used [0x00000000eab00000,0x00000000eab00000,0x00000000ec080000)
  from space 1024K, 68% used [0x00000000ec500000,0x00000000ec5b0000,0x00000000ec600000)
  to   space 1024K, 0% used [0x00000000ec600000,0x00000000ec600000,0x00000000ec700000)
 ParOldGen       total 68608K, used 17167K [0x00000000c0000000, 0x00000000c4300000, 0x00000000eab00000)
  object space 68608K, 25% used [0x00000000c0000000,0x00000000c10c3e38,0x00000000c4300000)
 Metaspace       used 34809K, committed 35840K, reserved 1114112K
  class space    used 3521K, committed 3968K, reserved 1048576K
}
Event: 30.333 GC heap before
{Heap before GC invocations=15 (full 2):
 PSYoungGen      total 23040K, used 704K [0x00000000eab00000, 0x00000000ec700000, 0x0000000100000000)
  eden space 22016K, 0% used [0x00000000eab00000,0x00000000eab00000,0x00000000ec080000)
  from space 1024K, 68% used [0x00000000ec500000,0x00000000ec5b0000,0x00000000ec600000)
  to   space 1024K, 0% used [0x00000000ec600000,0x00000000ec600000,0x00000000ec700000)
 ParOldGen       total 68608K, used 17167K [0x00000000c0000000, 0x00000000c4300000, 0x00000000eab00000)
  object space 68608K, 25% used [0x00000000c0000000,0x00000000c10c3e38,0x00000000c4300000)
 Metaspace       used 34809K, committed 35840K, reserved 1114112K
  class space    used 3521K, committed 3968K, reserved 1048576K
}
Event: 30.452 GC heap after
{Heap after GC invocations=15 (full 2):
 PSYoungGen      total 23040K, used 0K [0x00000000eab00000, 0x00000000ec700000, 0x0000000100000000)
  eden space 22016K, 0% used [0x00000000eab00000,0x00000000eab00000,0x00000000ec080000)
  from space 1024K, 0% used [0x00000000ec500000,0x00000000ec500000,0x00000000ec600000)
  to   space 1024K, 0% used [0x00000000ec600000,0x00000000ec600000,0x00000000ec700000)
 ParOldGen       total 68608K, used 17336K [0x00000000c0000000, 0x00000000c4300000, 0x00000000eab00000)
  object space 68608K, 25% used [0x00000000c0000000,0x00000000c10ee138,0x00000000c4300000)
 Metaspace       used 34800K, committed 35840K, reserved 1114112K
  class space    used 3518K, committed 3968K, reserved 1048576K
}
Event: 31.463 GC heap before
{Heap before GC invocations=16 (full 2):
 PSYoungGen      total 23040K, used 22015K [0x00000000eab00000, 0x00000000ec700000, 0x0000000100000000)
  eden space 22016K, 99% used [0x00000000eab00000,0x00000000ec07fc18,0x00000000ec080000)
  from space 1024K, 0% used [0x00000000ec500000,0x00000000ec500000,0x00000000ec600000)
  to   space 1024K, 0% used [0x00000000ec600000,0x00000000ec600000,0x00000000ec700000)
 ParOldGen       total 68608K, used 17336K [0x00000000c0000000, 0x00000000c4300000, 0x00000000eab00000)
  object space 68608K, 25% used [0x00000000c0000000,0x00000000c10ee138,0x00000000c4300000)
 Metaspace       used 37914K, committed 39040K, reserved 1114112K
  class space    used 3866K, committed 4352K, reserved 1048576K
}
Event: 31.470 GC heap after
{Heap after GC invocations=16 (full 2):
 PSYoungGen      total 23040K, used 1001K [0x00000000eab00000, 0x00000000ec700000, 0x0000000100000000)
  eden space 22016K, 0% used [0x00000000eab00000,0x00000000eab00000,0x00000000ec080000)
  from space 1024K, 97% used [0x00000000ec600000,0x00000000ec6fa438,0x00000000ec700000)
  to   space 2560K, 0% used [0x00000000ec200000,0x00000000ec200000,0x00000000ec480000)
 ParOldGen       total 68608K, used 18189K [0x00000000c0000000, 0x00000000c4300000, 0x00000000eab00000)
  object space 68608K, 26% used [0x00000000c0000000,0x00000000c11c3698,0x00000000c4300000)
 Metaspace       used 37914K, committed 39040K, reserved 1114112K
  class space    used 3866K, committed 4352K, reserved 1048576K
}
Event: 32.492 GC heap before
{Heap before GC invocations=17 (full 2):
 PSYoungGen      total 23040K, used 23017K [0x00000000eab00000, 0x00000000ec700000, 0x0000000100000000)
  eden space 22016K, 100% used [0x00000000eab00000,0x00000000ec080000,0x00000000ec080000)
  from space 1024K, 97% used [0x00000000ec600000,0x00000000ec6fa438,0x00000000ec700000)
  to   space 2560K, 0% used [0x00000000ec200000,0x00000000ec200000,0x00000000ec480000)
 ParOldGen       total 68608K, used 18189K [0x00000000c0000000, 0x00000000c4300000, 0x00000000eab00000)
  object space 68608K, 26% used [0x00000000c0000000,0x00000000c11c3698,0x00000000c4300000)
 Metaspace       used 40321K, committed 41472K, reserved 1114112K
  class space    used 4151K, committed 4608K, reserved 1048576K
}
Event: 32.500 GC heap after
{Heap after GC invocations=17 (full 2):
 PSYoungGen      total 24576K, used 1776K [0x00000000eab00000, 0x00000000ec680000, 0x0000000100000000)
  eden space 22016K, 0% used [0x00000000eab00000,0x00000000eab00000,0x00000000ec080000)
  from space 2560K, 69% used [0x00000000ec200000,0x00000000ec3bc010,0x00000000ec480000)
  to   space 2048K, 0% used [0x00000000ec480000,0x00000000ec480000,0x00000000ec680000)
 ParOldGen       total 68608K, used 19127K [0x00000000c0000000, 0x00000000c4300000, 0x00000000eab00000)
  object space 68608K, 27% used [0x00000000c0000000,0x00000000c12ade58,0x00000000c4300000)
 Metaspace       used 40321K, committed 41472K, reserved 1114112K
  class space    used 4151K, committed 4608K, reserved 1048576K
}
Event: 33.372 GC heap before
{Heap before GC invocations=18 (full 2):
 PSYoungGen      total 24576K, used 23792K [0x00000000eab00000, 0x00000000ec680000, 0x0000000100000000)
  eden space 22016K, 100% used [0x00000000eab00000,0x00000000ec080000,0x00000000ec080000)
  from space 2560K, 69% used [0x00000000ec200000,0x00000000ec3bc010,0x00000000ec480000)
  to   space 2048K, 0% used [0x00000000ec480000,0x00000000ec480000,0x00000000ec680000)
 ParOldGen       total 68608K, used 19127K [0x00000000c0000000, 0x00000000c4300000, 0x00000000eab00000)
  object space 68608K, 27% used [0x00000000c0000000,0x00000000c12ade58,0x00000000c4300000)
 Metaspace       used 43378K, committed 44544K, reserved 1114112K
  class space    used 4550K, committed 5056K, reserved 1048576K
}
Event: 33.381 GC heap after
{Heap after GC invocations=18 (full 2):
 PSYoungGen      total 23552K, used 1082K [0x00000000eab00000, 0x00000000ec600000, 0x0000000100000000)
  eden space 22016K, 0% used [0x00000000eab00000,0x00000000eab00000,0x00000000ec080000)
  from space 1536K, 70% used [0x00000000ec480000,0x00000000ec58eb38,0x00000000ec600000)
  to   space 1536K, 0% used [0x00000000ec300000,0x00000000ec300000,0x00000000ec480000)
 ParOldGen       total 68608K, used 20818K [0x00000000c0000000, 0x00000000c4300000, 0x00000000eab00000)
  object space 68608K, 30% used [0x00000000c0000000,0x00000000c1454b88,0x00000000c4300000)
 Metaspace       used 43378K, committed 44544K, reserved 1114112K
  class space    used 4550K, committed 5056K, reserved 1048576K
}
Event: 36.562 GC heap before
{Heap before GC invocations=19 (full 2):
 PSYoungGen      total 23552K, used 23098K [0x00000000eab00000, 0x00000000ec600000, 0x0000000100000000)
  eden space 22016K, 100% used [0x00000000eab00000,0x00000000ec080000,0x00000000ec080000)
  from space 1536K, 70% used [0x00000000ec480000,0x00000000ec58eb38,0x00000000ec600000)
  to   space 1536K, 0% used [0x00000000ec300000,0x00000000ec300000,0x00000000ec480000)
 ParOldGen       total 68608K, used 20818K [0x00000000c0000000, 0x00000000c4300000, 0x00000000eab00000)
  object space 68608K, 30% used [0x00000000c0000000,0x00000000c1454b88,0x00000000c4300000)
 Metaspace       used 45797K, committed 46912K, reserved 1114112K
  class space    used 4833K, committed 5312K, reserved 1048576K
}
Event: 36.568 GC heap after
{Heap after GC invocations=19 (full 2):
 PSYoungGen      total 23552K, used 1216K [0x00000000eab00000, 0x00000000ec500000, 0x0000000100000000)
  eden space 22016K, 0% used [0x00000000eab00000,0x00000000eab00000,0x00000000ec080000)
  from space 1536K, 79% used [0x00000000ec300000,0x00000000ec430000,0x00000000ec480000)
  to   space 512K, 0% used [0x00000000ec480000,0x00000000ec480000,0x00000000ec500000)
 ParOldGen       total 68608K, used 21777K [0x00000000c0000000, 0x00000000c4300000, 0x00000000eab00000)
  object space 68608K, 31% used [0x00000000c0000000,0x00000000c15446f0,0x00000000c4300000)
 Metaspace       used 45797K, committed 46912K, reserved 1114112K
  class space    used 4833K, committed 5312K, reserved 1048576K
}

